Executing prebuild scripts  ********************
Performing prebuild steps...
1>'c:\msnnonboundary01-7776_hsl_v1\public\ext\tools\buildpre.cmd -c'
1>
1>C:\msnnonboundary01-7776_hsl_v1\private\web\HSLMSNWebSite\src\WebSite>call c:\msnnonboundary01-7776_hsl_v1\public\ext\tools\prebuild.cmd 
1>
1>C:\msnnonboundary01-7776_hsl_v1\private\web\HSLMSNWebSite\src\WebSite>nmake /nologo /f c:\msnnonboundary01-7776_hsl_v1\public\ext\tools\prebuild.mak prebuild 
1>PUBLISHLOG: C:\msnnonboundary01-7776_hsl_v1\private\web\HSLMSNWebSite\src\WebSite, c:\msnnonboundary01-7776_hsl_v1\objd\i386\versions.h, c:\msnnonboundary01-7776_hsl_v1\public\internal\Base\lib\i386\versions.h, Current, 2007/01/15-12:33:01
1>PUBLISHLOG: C:\msnnonboundary01-7776_hsl_v1\private\web\HSLMSNWebSite\src\WebSite, c:\msnnonboundary01-7776_hsl_v1\objd\i386\versionsmk.inc, c:\msnnonboundary01-7776_hsl_v1\public\internal\Base\lib\i386\versionsmk.inc, Current, 2007/01/15-12:33:01
1>PUBLISHLOG: C:\msnnonboundary01-7776_hsl_v1\private\web\HSLMSNWebSite\src\WebSite, c:\msnnonboundary01-7776_hsl_v1\objd\i386\ndp10.versions.h, c:\msnnonboundary01-7776_hsl_v1\public\internal\Base\lib\i386\ndp10.versions.h, Current, 2007/01/15-12:33:01
1>PUBLISHLOG: C:\msnnonboundary01-7776_hsl_v1\private\web\HSLMSNWebSite\src\WebSite, c:\msnnonboundary01-7776_hsl_v1\objd\i386\ndp10.versionsmk.inc, c:\msnnonboundary01-7776_hsl_v1\public\internal\Base\lib\i386\ndp10.versionsmk.inc, Current, 2007/01/15-12:33:01
1>PUBLISHLOG: C:\msnnonboundary01-7776_hsl_v1\private\web\HSLMSNWebSite\src\WebSite, c:\msnnonboundary01-7776_hsl_v1\objd\i386\ndp11.versions.h, c:\msnnonboundary01-7776_hsl_v1\public\internal\Base\lib\i386\ndp11.versions.h, Current, 2007/01/15-12:33:01
1>PUBLISHLOG: C:\msnnonboundary01-7776_hsl_v1\private\web\HSLMSNWebSite\src\WebSite, c:\msnnonboundary01-7776_hsl_v1\objd\i386\ndp11.versionsmk.inc, c:\msnnonboundary01-7776_hsl_v1\public\internal\Base\lib\i386\ndp11.versionsmk.inc, Current, 2007/01/15-12:33:01
1>PUBLISHLOG: C:\msnnonboundary01-7776_hsl_v1\private\web\HSLMSNWebSite\src\WebSite, c:\msnnonboundary01-7776_hsl_v1\objd\i386\ndp20.versions.h, c:\msnnonboundary01-7776_hsl_v1\public\internal\Base\lib\i386\ndp20.versions.h, Current, 2007/01/15-12:33:01
1>PUBLISHLOG: C:\msnnonboundary01-7776_hsl_v1\private\web\HSLMSNWebSite\src\WebSite, c:\msnnonboundary01-7776_hsl_v1\objd\i386\ndp20.versionsmk.inc, c:\msnnonboundary01-7776_hsl_v1\public\internal\Base\lib\i386\ndp20.versionsmk.inc, Current, 2007/01/15-12:33:01
1>*** COMPUTING ASMMETA BUILD RULES ***
1>	cscript //nologo //job:genPrebuildRules c:\msnnonboundary01-7776_hsl_v1\public\ext\tools\prebuild.wsf /out:C:\DOCUME~1\a-rob\LOCALS~1\Temp\prebuild9961.inc; c:\msnnonboundary01-7776_hsl_v1\public\ext\tools\prebuild.xml & REM C:\DOCUME~1\a-rob\LOCALS~1\Temp\prebuild9961.inc;
1>
1>Stop.
Executing PASS0 post process scripts  ********************
Performing PASS0 post process steps...
1>'c:\msnnonboundary01-7776_hsl_v1\public\ext\tools\buildpass0.cmd -c'
1>
1>C:\msnnonboundary01-7776_hsl_v1\private\web\HSLMSNWebSite\src\WebSite>call c:\msnnonboundary01-7776_hsl_v1\public\ext\tools\prebuild.cmd /postpass0 
1>
1>C:\msnnonboundary01-7776_hsl_v1\private\web\HSLMSNWebSite\src\WebSite>nmake /nologo /f c:\msnnonboundary01-7776_hsl_v1\public\ext\tools\prebuild.mak postpass0 
1>
1>Stop.
Executing post build scripts  ********************
Fix Public Changes
1>'c:\msnnonboundary01-7776_hsl_v1\public\ext\tools\buildpost.cmd '
1>
1>C:\msnnonboundary01-7776_hsl_v1\private\web\HSLMSNWebSite\src\WebSite>call c:\msnnonboundary01-7776_hsl_v1\public\ext\tools\fix_public.cmd 
